[2025-01-07 16:11:29,603] INFO in routes: Info level log
[2025-01-07 16:11:29,623] WARNING in routes: Warning level log
[2025-01-07 16:11:29,623] ERROR in routes: Error level log
[2025-01-07 16:11:29,623] CRITICAL in routes: Critical level log
[2025-01-07 16:13:52,062] INFO in routes: Info level log
[2025-01-07 16:13:52,064] WARNING in routes: Warning level log
[2025-01-07 16:13:52,065] ERROR in routes: Error level log
[2025-01-07 16:13:52,066] CRITICAL in routes: Critical level log
[2025-01-07 16:14:25,818] INFO in routes: Info level log
[2025-01-07 16:14:25,822] WARNING in routes: Warning level log
[2025-01-07 16:14:25,822] ERROR in routes: Error level log
[2025-01-07 16:14:25,823] CRITICAL in routes: Critical level log
[2025-01-07 16:14:49,046] INFO in routes: Info level log
[2025-01-07 16:14:49,047] WARNING in routes: Warning level log
[2025-01-07 16:14:49,049] ERROR in routes: Error level log
[2025-01-07 16:14:49,050] CRITICAL in routes: Critical level log
[2025-01-07 16:18:16,356] INFO in routes: Info level log
[2025-01-07 16:18:16,358] WARNING in routes: Warning level log
[2025-01-07 16:18:16,358] ERROR in routes: Error level log
[2025-01-07 16:18:16,359] CRITICAL in routes: Critical level log
[2025-01-07 16:19:24,242] INFO in routes: Info level log
[2025-01-07 16:19:24,244] WARNING in routes: Warning level log
[2025-01-07 16:19:24,245] ERROR in routes: Error level log
[2025-01-07 16:19:24,246] CRITICAL in routes: Critical level log
[2025-01-07 16:19:48,735] INFO in routes: Info level log
[2025-01-07 16:19:48,737] WARNING in routes: Warning level log
[2025-01-07 16:19:48,741] ERROR in routes: Error level log
[2025-01-07 16:19:48,742] CRITICAL in routes: Critical level log
[2025-01-07 16:20:08,212] INFO in routes: Info level log
[2025-01-07 16:20:08,214] WARNING in routes: Warning level log
[2025-01-07 16:20:08,214] ERROR in routes: Error level log
[2025-01-07 16:20:08,214] CRITICAL in routes: Critical level log
[2025-01-07 16:21:20,519] INFO in routes: Info level log
[2025-01-07 16:21:20,521] WARNING in routes: Warning level log
[2025-01-07 16:21:20,521] ERROR in routes: Error level log
[2025-01-07 16:21:20,521] CRITICAL in routes: Critical level log
[2025-01-07 16:21:39,561] INFO in routes: Info level log
[2025-01-07 16:21:39,564] WARNING in routes: Warning level log
[2025-01-07 16:21:39,565] ERROR in routes: Error level log
[2025-01-07 16:21:39,566] CRITICAL in routes: Critical level log
[2025-01-07 16:21:50,630] INFO in routes: Info level log
[2025-01-07 16:21:50,631] WARNING in routes: Warning level log
[2025-01-07 16:21:50,631] ERROR in routes: Error level log
[2025-01-07 16:21:50,633] CRITICAL in routes: Critical level log
[2025-01-07 16:21:55,121] INFO in routes: Info level log
[2025-01-07 16:21:55,122] WARNING in routes: Warning level log
[2025-01-07 16:21:55,122] ERROR in routes: Error level log
[2025-01-07 16:21:55,123] CRITICAL in routes: Critical level log
[2025-01-07 16:23:01,377] INFO in routes: Info level log
[2025-01-07 16:23:01,379] WARNING in routes: Warning level log
[2025-01-07 16:23:01,379] ERROR in routes: Error level log
[2025-01-07 16:23:01,381] CRITICAL in routes: Critical level log
[2025-01-07 16:23:05,854] INFO in routes: Info level log
[2025-01-07 16:23:05,855] WARNING in routes: Warning level log
[2025-01-07 16:23:05,856] ERROR in routes: Error level log
[2025-01-07 16:23:05,856] CRITICAL in routes: Critical level log
[2025-01-07 16:23:47,006] INFO in routes: Info level log
[2025-01-07 16:23:47,007] WARNING in routes: Warning level log
[2025-01-07 16:23:47,010] ERROR in routes: Error level log
[2025-01-07 16:23:47,011] CRITICAL in routes: Critical level log
[2025-01-07 16:25:20,936] INFO in routes: Info level log
[2025-01-07 16:25:20,938] WARNING in routes: Warning level log
[2025-01-07 16:25:20,938] ERROR in routes: Error level log
[2025-01-07 16:25:20,939] CRITICAL in routes: Critical level log
[2025-01-07 16:27:55,785] INFO in routes: Fetching CCTV data
[2025-01-07 16:27:55,794] INFO in routes: 4 CCTV entries fetched
[2025-01-07 16:31:14,948] INFO in routes: Fetching CCTV data
[2025-01-07 16:31:14,953] INFO in routes: 4 CCTV entries fetched
